layer_num:1 layer type:conv1
conv1 param:
in_channels:3 out_channels:64 kernel_size_x:7 kernel_size_y:7 stride_x:3 stride_y:3 dilation_x:1 dilation_y:1 transposed:0 feature_map_size_x:74 feature_map_size_y:74 padding_num:2
bn param dimension:64
relu param en:1 mode:00 param:0_32
layer_num:2 layer type:maxpool    form layer_num:1 type:conv1
maxpool param: pool_size:8 kernel_size_x:3 kernel_size_y:3 Pooling_en:1 oprands:0.111111 stride_x:2 stride_y:2 padding_num:1
layer_num:3 layer type:conv2 form layer_num:2 type:maxpool
conv2 param:
in_channels:64 out_channels:64 kernel_size_x:3 kernel_size_y:3 stride_x:1 stride_y:1 dilation_x:1 dilation_y:1 transposed:0 feature_map_size_x:37 feature_map_size_y:37 padding_num:1
bn param dimension:64
relu param en:1 mode:00 param:0_32
layer_num:4 layer type:conv3 form layer_num:3 type:conv2
conv3 param:
in_channels:64 out_channels:64 kernel_size_x:3 kernel_size_y:3 stride_x:1 stride_y:1 dilation_x:1 dilation_y:1 transposed:0 feature_map_size_x:37 feature_map_size_y:37 padding_num:1
bn param dimension:64
layer_num:5 layer type:conv4 form layer_num:4 type:conv3
conv4 param:
in_channels:64 out_channels:64 kernel_size_x:3 kernel_size_y:3 stride_x:1 stride_y:1 dilation_x:1 dilation_y:1 transposed:0 feature_map_size_x:37 feature_map_size_y:37 padding_num:1
bn param dimension:64
relu param en:1 mode:00 param:0_32
layer_num:6 layer type:conv5 form layer_num:5 type:conv4
conv5 param:
in_channels:64 out_channels:64 kernel_size_x:3 kernel_size_y:3 stride_x:1 stride_y:1 dilation_x:1 dilation_y:1 transposed:0 feature_map_size_x:37 feature_map_size_y:37 padding_num:1
bn param dimension:64
layer_num:7 layer type:conv6 form layer_num:6 type:conv5
conv6 param:
in_channels:64 out_channels:64 kernel_size_x:3 kernel_size_y:3 stride_x:1 stride_y:1 dilation_x:1 dilation_y:1 transposed:0 feature_map_size_x:37 feature_map_size_y:37 padding_num:1
bn param dimension:64
relu param en:1 mode:00 param:0_32
layer_num:8 layer type:conv7 form layer_num:7 type:conv6
conv7 param:
in_channels:64 out_channels:64 kernel_size_x:3 kernel_size_y:3 stride_x:1 stride_y:1 dilation_x:1 dilation_y:1 transposed:0 feature_map_size_x:19 feature_map_size_y:19 padding_num:1
bn param dimension:64
layer_num:9 layer type:conv8 form layer_num:8 type:conv7
conv8 param:
in_channels:64 out_channels:128 kernel_size_x:3 kernel_size_y:3 stride_x:2 stride_y:2 dilation_x:1 dilation_y:1 transposed:0 feature_map_size_x:19 feature_map_size_y:19 padding_num:1
bn param dimension:128
relu param en:1 mode:00 param:0_32
layer_num:10 layer type:conv9 form layer_num:9 type:conv8
conv9 param:
in_channels:128 out_channels:128 kernel_size_x:3 kernel_size_y:3 stride_x:1 stride_y:1 dilation_x:1 dilation_y:1 transposed:0 feature_map_size_x:19 feature_map_size_y:19 padding_num:1
bn param dimension:128
layer_num:11 layer type:conv10 in downsample form layer_num:10 type:conv9
conv10 param:
in_channels:64 out_channels:128 kernel_size_x:1 kernel_size_y:1 stride_x:2 stride_y:2 dilation_x:1 dilation_y:1 transposed:0 feature_map_size_x:19 feature_map_size_y:19 padding_num:0
bn param dimension:128
layer_num:12 layer type:conv11 form layer_num:11 type:conv10
conv11 param:
in_channels:128 out_channels:128 kernel_size_x:3 kernel_size_y:3 stride_x:1 stride_y:1 dilation_x:1 dilation_y:1 transposed:0 feature_map_size_x:19 feature_map_size_y:19 padding_num:1
bn param dimension:128
relu param en:1 mode:00 param:0_32
layer_num:13 layer type:conv12 form layer_num:12 type:conv11
conv12 param:
in_channels:128 out_channels:128 kernel_size_x:3 kernel_size_y:3 stride_x:1 stride_y:1 dilation_x:1 dilation_y:1 transposed:0 feature_map_size_x:19 feature_map_size_y:19 padding_num:1
bn param dimension:128
layer_num:14 layer type:conv13 form layer_num:13 type:conv12
conv13 param:
in_channels:128 out_channels:128 kernel_size_x:3 kernel_size_y:3 stride_x:1 stride_y:1 dilation_x:1 dilation_y:1 transposed:0 feature_map_size_x:19 feature_map_size_y:19 padding_num:1
bn param dimension:128
relu param en:1 mode:00 param:0_32
layer_num:15 layer type:conv14 form layer_num:14 type:conv13
conv14 param:
in_channels:128 out_channels:128 kernel_size_x:3 kernel_size_y:3 stride_x:1 stride_y:1 dilation_x:1 dilation_y:1 transposed:0 feature_map_size_x:19 feature_map_size_y:19 padding_num:1
bn param dimension:128
layer_num:16 layer type:conv15 form layer_num:15 type:conv14
conv15 param:
in_channels:128 out_channels:128 kernel_size_x:3 kernel_size_y:3 stride_x:1 stride_y:1 dilation_x:1 dilation_y:1 transposed:0 feature_map_size_x:19 feature_map_size_y:19 padding_num:1
bn param dimension:128
relu param en:1 mode:00 param:0_32
layer_num:17 layer type:conv16 form layer_num:16 type:conv15
conv16 param:
in_channels:128 out_channels:128 kernel_size_x:3 kernel_size_y:3 stride_x:1 stride_y:1 dilation_x:1 dilation_y:1 transposed:0 feature_map_size_x:10 feature_map_size_y:10 padding_num:1
bn param dimension:128
layer_num:18 layer type:conv17 form layer_num:17 type:conv16
conv17 param:
in_channels:128 out_channels:256 kernel_size_x:3 kernel_size_y:3 stride_x:2 stride_y:2 dilation_x:1 dilation_y:1 transposed:0 feature_map_size_x:10 feature_map_size_y:10 padding_num:1
bn param dimension:256
relu param en:1 mode:00 param:0_32
layer_num:19 layer type:conv18 form layer_num:18 type:conv17
conv18 param:
in_channels:256 out_channels:256 kernel_size_x:3 kernel_size_y:3 stride_x:1 stride_y:1 dilation_x:1 dilation_y:1 transposed:0 feature_map_size_x:10 feature_map_size_y:10 padding_num:1
bn param dimension:256
layer_num:20 layer type:conv19 in downsample form layer_num:19 type:conv18
conv19 param:
in_channels:128 out_channels:256 kernel_size_x:1 kernel_size_y:1 stride_x:2 stride_y:2 dilation_x:1 dilation_y:1 transposed:0 feature_map_size_x:10 feature_map_size_y:10 padding_num:0
bn param dimension:256
layer_num:21 layer type:conv20 form layer_num:20 type:conv19
conv20 param:
in_channels:256 out_channels:256 kernel_size_x:3 kernel_size_y:3 stride_x:1 stride_y:1 dilation_x:1 dilation_y:1 transposed:0 feature_map_size_x:10 feature_map_size_y:10 padding_num:1
bn param dimension:256
relu param en:1 mode:00 param:0_32
layer_num:22 layer type:conv21 form layer_num:21 type:conv20
conv21 param:
in_channels:256 out_channels:256 kernel_size_x:3 kernel_size_y:3 stride_x:1 stride_y:1 dilation_x:1 dilation_y:1 transposed:0 feature_map_size_x:10 feature_map_size_y:10 padding_num:1
bn param dimension:256
layer_num:23 layer type:conv22 form layer_num:22 type:conv21
conv22 param:
in_channels:256 out_channels:256 kernel_size_x:3 kernel_size_y:3 stride_x:1 stride_y:1 dilation_x:1 dilation_y:1 transposed:0 feature_map_size_x:10 feature_map_size_y:10 padding_num:1
bn param dimension:256
relu param en:1 mode:00 param:0_32
layer_num:24 layer type:conv23 form layer_num:23 type:conv22
conv23 param:
in_channels:256 out_channels:256 kernel_size_x:3 kernel_size_y:3 stride_x:1 stride_y:1 dilation_x:1 dilation_y:1 transposed:0 feature_map_size_x:10 feature_map_size_y:10 padding_num:1
bn param dimension:256
layer_num:25 layer type:conv24 form layer_num:24 type:conv23
conv24 param:
in_channels:256 out_channels:256 kernel_size_x:3 kernel_size_y:3 stride_x:1 stride_y:1 dilation_x:1 dilation_y:1 transposed:0 feature_map_size_x:10 feature_map_size_y:10 padding_num:1
bn param dimension:256
relu param en:1 mode:00 param:0_32
layer_num:26 layer type:conv25 form layer_num:25 type:conv24
conv25 param:
in_channels:256 out_channels:256 kernel_size_x:3 kernel_size_y:3 stride_x:1 stride_y:1 dilation_x:1 dilation_y:1 transposed:0 feature_map_size_x:10 feature_map_size_y:10 padding_num:1
bn param dimension:256
layer_num:27 layer type:conv26 form layer_num:26 type:conv25
conv26 param:
in_channels:256 out_channels:256 kernel_size_x:3 kernel_size_y:3 stride_x:1 stride_y:1 dilation_x:1 dilation_y:1 transposed:0 feature_map_size_x:10 feature_map_size_y:10 padding_num:1
bn param dimension:256
relu param en:1 mode:00 param:0_32
layer_num:28 layer type:conv27 form layer_num:27 type:conv26
conv27 param:
in_channels:256 out_channels:256 kernel_size_x:3 kernel_size_y:3 stride_x:1 stride_y:1 dilation_x:1 dilation_y:1 transposed:0 feature_map_size_x:10 feature_map_size_y:10 padding_num:1
bn param dimension:256
layer_num:29 layer type:conv28 form layer_num:28 type:conv27
conv28 param:
in_channels:256 out_channels:256 kernel_size_x:3 kernel_size_y:3 stride_x:1 stride_y:1 dilation_x:1 dilation_y:1 transposed:0 feature_map_size_x:10 feature_map_size_y:10 padding_num:1
bn param dimension:256
relu param en:1 mode:00 param:0_32
layer_num:30 layer type:conv29 form layer_num:29 type:conv28
conv29 param:
in_channels:256 out_channels:256 kernel_size_x:3 kernel_size_y:3 stride_x:1 stride_y:1 dilation_x:1 dilation_y:1 transposed:0 feature_map_size_x:5 feature_map_size_y:5 padding_num:1
bn param dimension:256
layer_num:31 layer type:conv30 form layer_num:30 type:conv29
conv30 param:
in_channels:256 out_channels:512 kernel_size_x:3 kernel_size_y:3 stride_x:2 stride_y:2 dilation_x:1 dilation_y:1 transposed:0 feature_map_size_x:5 feature_map_size_y:5 padding_num:1
bn param dimension:512
relu param en:1 mode:00 param:0_32
layer_num:32 layer type:conv31 form layer_num:31 type:conv30
conv31 param:
in_channels:512 out_channels:512 kernel_size_x:3 kernel_size_y:3 stride_x:1 stride_y:1 dilation_x:1 dilation_y:1 transposed:0 feature_map_size_x:5 feature_map_size_y:5 padding_num:1
bn param dimension:512
layer_num:33 layer type:conv32 in downsample form layer_num:32 type:conv31
conv32 param:
in_channels:256 out_channels:512 kernel_size_x:1 kernel_size_y:1 stride_x:2 stride_y:2 dilation_x:1 dilation_y:1 transposed:0 feature_map_size_x:5 feature_map_size_y:5 padding_num:0
bn param dimension:512
layer_num:34 layer type:conv33 form layer_num:33 type:conv32
conv33 param:
in_channels:512 out_channels:512 kernel_size_x:3 kernel_size_y:3 stride_x:1 stride_y:1 dilation_x:1 dilation_y:1 transposed:0 feature_map_size_x:5 feature_map_size_y:5 padding_num:1
bn param dimension:512
relu param en:1 mode:00 param:0_32
layer_num:35 layer type:conv34 form layer_num:34 type:conv33
conv34 param:
in_channels:512 out_channels:512 kernel_size_x:3 kernel_size_y:3 stride_x:1 stride_y:1 dilation_x:1 dilation_y:1 transposed:0 feature_map_size_x:5 feature_map_size_y:5 padding_num:1
bn param dimension:512
layer_num:36 layer type:conv35 form layer_num:35 type:conv34
conv35 param:
in_channels:512 out_channels:512 kernel_size_x:3 kernel_size_y:3 stride_x:1 stride_y:1 dilation_x:1 dilation_y:1 transposed:0 feature_map_size_x:5 feature_map_size_y:5 padding_num:1
bn param dimension:512
relu param en:1 mode:00 param:0_32
layer_num:37 layer type:conv36 form layer_num:36 type:conv35
conv36 param:
in_channels:512 out_channels:512 kernel_size_x:3 kernel_size_y:3 stride_x:1 stride_y:1 dilation_x:1 dilation_y:1 transposed:0 feature_map_size_x:5 feature_map_size_y:5 padding_num:1
bn param dimension:512
layer_num:38 layer type:AdaptAvgPool1    form layer_num:37 type:conv36
AdaptAvgPool1 param: output_size_x:1 output_size_y:1
layer_num:39 layer type:fc1    form layer_num:38 type:AdaptAvgPool1
fc1 param:in_features_x:1 in_features_y:512 out_features_x:1 out_features_y:1000
